<?xml version="1.0" encoding="UTF-8"?>
<!-- Generated by org.testng.reporters.JUnitReportReporter -->
<testsuite skipped="0" hostname="AA-PC" name="org.tasks.ProductsSearch" tests="5" failures="0" timestamp="21 Oct 2020 09:36:28 GMT" time="43.525" errors="0">
  <testcase name="tc2" time="6.326" classname="org.tasks.ProductsSearch"/>
  <testcase name="tc2" time="15.130" classname="org.tasks.ProductsSearch"/>
  <testcase name="tc2" time="6.815" classname="org.tasks.ProductsSearch"/>
  <testcase name="tc2" time="6.022" classname="org.tasks.ProductsSearch"/>
  <testcase name="tc1" time="9.232" classname="org.tasks.ProductsSearch"/>
</testsuite> <!-- org.tasks.ProductsSearch -->
