<?xml version="1.0" encoding="UTF-8"?>
<!-- Generated by org.testng.reporters.JUnitReportReporter -->
<testsuite skipped="0" hostname="AA-PC" name="org.tasks.HighCostIPhones" tests="4" failures="0" timestamp="22 Oct 2020 10:41:45 GMT" time="81.633" errors="0">
  <testcase name="tc2" time="6.588" classname="org.tasks.HighCostIPhones"/>
  <testcase name="tc3" time="60.284" classname="org.tasks.HighCostIPhones"/>
  <testcase name="tc4" time="0.016" classname="org.tasks.HighCostIPhones"/>
  <testcase name="tc1" time="14.745" classname="org.tasks.HighCostIPhones"/>
</testsuite> <!-- org.tasks.HighCostIPhones -->
