<?xml version="1.0" encoding="UTF-8"?>
<!-- Generated by org.testng.reporters.JUnitReportReporter -->
<testsuite skipped="0" hostname="AA-PC" name="org.cts.TestNgSimpleProgram" tests="5" failures="0" timestamp="11 Oct 2020 09:35:33 GMT" time="45.263" errors="0">
  <testcase name="tc4" time="9.469" classname="org.cts.TestNgSimpleProgram"/>
  <testcase name="tc3" time="1.974" classname="org.cts.TestNgSimpleProgram"/>
  <testcase name="tc5" time="7.010" classname="org.cts.TestNgSimpleProgram"/>
  <testcase name="tc2" time="10.455" classname="org.cts.TestNgSimpleProgram"/>
  <testcase name="tc1" time="16.355" classname="org.cts.TestNgSimpleProgram"/>
</testsuite> <!-- org.cts.TestNgSimpleProgram -->
