<?xml version="1.0" encoding="UTF-8"?>
<!-- Generated by org.testng.reporters.JUnitReportReporter -->
<testsuite skipped="0" hostname="AA-PC" name="org.cts.ExecutionClassWithListener" tests="2" failures="0" timestamp="03 Nov 2020 06:58:58 GMT" time="429.869" errors="0">
  <testcase name="tc4" time="193.281" classname="org.cts.ExecutionClassWithListener"/>
  <testcase name="tc1" time="236.588" classname="org.cts.ExecutionClassWithListener"/>
</testsuite> <!-- org.cts.ExecutionClassWithListener -->
