<?xml version="1.0" encoding="UTF-8"?>
<!-- Generated by org.testng.reporters.JUnitReportReporter -->
<testsuite skipped="0" hostname="AA-PC" name="org.tasks.CovidCases" tests="1" failures="0" timestamp="21 Oct 2020 04:26:53 GMT" time="4.506" errors="0">
  <testcase name="tableData" time="4.506" classname="org.tasks.CovidCases"/>
</testsuite> <!-- org.tasks.CovidCases -->
