<?xml version="1.0" encoding="UTF-8"?>
<!-- Generated by org.testng.reporters.JUnitReportReporter -->
<testsuite skipped="0" hostname="AA-PC" name="org.testng.HotelDetailsConfirmClass" tests="2" failures="0" timestamp="19 Oct 2020 19:59:13 GMT" time="5.294" errors="0">
  <testcase name="tc2" time="3.712" classname="org.testng.HotelDetailsConfirmClass"/>
  <testcase name="tc3" time="1.582" classname="org.testng.HotelDetailsConfirmClass"/>
</testsuite> <!-- org.testng.HotelDetailsConfirmClass -->
