<?xml version="1.0" encoding="UTF-8"?>
<!-- Generated by org.testng.reporters.JUnitReportReporter -->
<testsuite skipped="0" hostname="AA-PC" name="org.testng.LogInClass" tests="2" failures="0" timestamp="19 Oct 2020 19:59:13 GMT" time="17.606" errors="0">
  <testcase name="tc1" time="11.263" classname="org.testng.LogInClass"/>
  <testcase name="tc1" time="6.343" classname="org.testng.LogInClass"/>
</testsuite> <!-- org.testng.LogInClass -->
