<?xml version="1.0" encoding="UTF-8"?>
<!-- Generated by org.testng.reporters.JUnitReportReporter -->
<testsuite skipped="0" hostname="AA-PC" name="org.testng.PaymentBookingClass" tests="2" failures="0" timestamp="19 Oct 2020 19:59:13 GMT" time="9.334" errors="0">
  <testcase name="tc4" time="3.104" classname="org.testng.PaymentBookingClass"/>
  <testcase name="tc5" time="6.230" classname="org.testng.PaymentBookingClass"/>
</testsuite> <!-- org.testng.PaymentBookingClass -->
