<?xml version="1.0" encoding="UTF-8"?>
<!-- Generated by org.testng.reporters.JUnitReportReporter -->
<testsuite skipped="1" hostname="AA-PC" name="org.cts.FlipKartExecutionClass" tests="2" failures="0" timestamp="03 Nov 2020 07:15:57 GMT" time="247.914" errors="0">
  <testcase name="tc3" time="123.062" classname="org.cts.FlipKartExecutionClass"/>
  <testcase name="tc3" time="124.852" classname="org.cts.FlipKartExecutionClass">
    <skipped/>
  </testcase> <!-- tc3 -->
</testsuite> <!-- org.cts.FlipKartExecutionClass -->
